<?xml version="1.0" encoding="utf-8"?><testsuites name="pytest tests"><testsuite name="pytest" errors="0" failures="0" skipped="11" tests="46" time="17.828" timestamp="2026-08-30T22:08:08.400074+00:00" hostname="agent-env-9510e3c8-7545-4d18-aa36-f23a289f0fbc"><testcase classname="tests.test_round4_features" name="test_print_regression[intake]" time="0.785" /><testcase classname="tests.test_round4_features" name="test_print_regression[checklist]" time="0.204" /><testcase classname="tests.test_round4_features" name="test_print_regression[assessment]" time="0.199" /><testcase classname="tests.test_round4_features" name="test_print_regression[process_note]" time="0.198" /><testcase classname="tests.test_round4_features" name="test_print_regression[referral]" time="0.171" /><testcase classname="tests.test_round3_features.TestPrintRegression" name="test_print_form_ok[intake]" time="2.358" /><testcase classname="tests.test_round3_features.TestPrintRegression" name="test_print_form_ok[checklist]" time="0.200" /><testcase classname="tests.test_round3_features.TestPrintRegression" name="test_print_form_ok[assessment]" time="0.147" /><testcase classname="tests.test_round3_features.TestPrintRegression" name="test_print_form_ok[consent]" time="0.179"><skipped type="pytest.skip" message="consent not registered">/app/backend/tests/test_round3_features.py:181: consent not registered</skipped></testcase><testcase classname="tests.test_round3_features.TestPrintRegression" name="test_print_form_ok[process_note]" time="0.190" /><testcase classname="tests.test_round3_features.TestPrintRegression" name="test_print_form_ok[referral]" time="0.136" /><testcase classname="tests.test_round3_features.TestPrintRegression" name="test_print_form_ok[closure]" time="0.142"><skipped type="pytest.skip" message="closure not registered">/app/backend/tests/test_round3_features.py:181: closure not registered</skipped></testcase><testcase classname="tests.test_round3_features.TestPrintRegression" name="test_print_form_ok[review]" time="0.153"><skipped type="pytest.skip" message="review not registered">/app/backend/tests/test_round3_features.py:181: review not registered</skipped></testcase><testcase classname="tests.test_round3_features.TestPrintRegression" name="test_print_form_ok[care_plan]" time="0.160"><skipped type="pytest.skip" message="care_plan not registered">/app/backend/tests/test_round3_features.py:181: care_plan not registered</skipped></testcase><testcase classname="tests.test_round3_features.TestOrganisation" name="test_admin_can_put_org" time="2.324" /><testcase classname="tests.test_round3_features.TestPrintRegression" name="test_print_form_ok[home_visit]" time="0.130"><skipped type="pytest.skip" message="home_visit not registered">/app/backend/tests/test_round3_features.py:181: home_visit not registered</skipped></testcase><testcase classname="tests.test_round3_features.TestPrintRegression" name="test_print_form_ok[risk]" time="0.120"><skipped type="pytest.skip" message="risk not registered">/app/backend/tests/test_round3_features.py:181: risk not registered</skipped></testcase><testcase classname="tests.test_round3_features.TestOrganisation" name="test_supervisor_forbidden_to_put" time="0.117" /><testcase classname="tests.test_round3_features.TestPrintRegression" name="test_print_form_ok[cw01]" time="0.125"><skipped type="pytest.skip" message="cw01 not registered">/app/backend/tests/test_round3_features.py:181: cw01 not registered</skipped></testcase><testcase classname="tests.test_round3_features.TestOrganisation" name="test_caseworker_forbidden_to_put" time="0.161" /><testcase classname="tests.test_round3_features.TestPrintRegression" name="test_print_form_ok[cw02]" time="0.151"><skipped type="pytest.skip" message="cw02 not registered">/app/backend/tests/test_round3_features.py:181: cw02 not registered</skipped></testcase><testcase classname="tests.test_round3_features.TestOrganisation" name="test_org_name_in_printed_intake" time="0.135" /><testcase classname="tests.test_round3_features.TestPrintRegression" name="test_print_form_ok[cw06]" time="0.158"><skipped type="pytest.skip" message="cw06 not registered">/app/backend/tests/test_round3_features.py:181: cw06 not registered</skipped></testcase><testcase classname="tests.test_round3_features.TestPrintRegression" name="test_print_form_ok[cw10]" time="0.144"><skipped type="pytest.skip" message="cw10 not registered">/app/backend/tests/test_round3_features.py:181: cw10 not registered</skipped></testcase><testcase classname="tests.test_round3_features.TestPrintRegression" name="test_print_form_ok[cw11]" time="0.179"><skipped type="pytest.skip" message="cw11 not registered">/app/backend/tests/test_round3_features.py:181: cw11 not registered</skipped></testcase><testcase classname="tests.test_round4_features.TestAssessmentVersions" name="test_two_versions_for_hh60" time="0.585" /><testcase classname="tests.test_round4_features.TestAssessmentVersions" name="test_print_specific_version" time="0.419" /><testcase classname="tests.test_round4_features.TestAssessmentVersions" name="test_new_assessment_creates_version" time="0.515" /><testcase classname="tests.test_round4_features.TestOrganisationLogo" name="test_organisation_get" time="0.765" /><testcase classname="tests.test_round4_features.TestOrganisationLogo" name="test_upload_and_fetch_logo" time="0.502" /><testcase classname="tests.test_new_features.TestSignOff" name="test_signoff_permission_denied_for_caseworker" time="2.178" /><testcase classname="tests.test_new_features.TestSignOff" name="test_signoff_permission_denied_for_capturer" time="0.137" /><testcase classname="tests.test_new_features.TestSignOff" name="test_signoff_supervisor_stamps_checklist" time="0.288" /><testcase classname="tests.test_round4_features.TestCoverSignatures" name="test_batch_cover_has_signature_lines" time="0.157" /><testcase classname="tests.test_round4_features.TestCoverSignatures" name="test_batch_full_cover" time="0.157" /><testcase classname="tests.test_round3_features.TestSignoffHistory" name="test_signed_filter_returns_only_signed" time="2.410" /><testcase classname="tests.test_round3_features.TestSignoffHistory" name="test_caseworker_can_still_call_but_returns_only_own_or_empty" time="0.142" /><testcase classname="tests.test_round3_features.TestBatchCoverPage" name="test_batch_full_has_cover" time="2.850" /><testcase classname="tests.test_round3_features.TestBatchCoverPage" name="test_single_household_full_no_cover" time="0.158" /><testcase classname="tests.test_new_features.TestCodePickers" name="test_choices_has_codes" time="2.302" /><testcase classname="tests.test_new_features.TestCodePickers" name="test_process_note_with_codes_persists" time="0.646" /><testcase classname="tests.test_new_features.TestPrintCenter" name="test_batch_print_multiple" time="2.517" /><testcase classname="tests.test_new_features.TestPrintCenter" name="test_batch_print_supervisor" time="0.172" /><testcase classname="tests.test_round4_features.TestTimelineSignoff" name="test_timeline_contains_signoff_entry" time="0.563" /><testcase classname="tests.test_round3_features.TestPlanRows" name="test_assessment_plan_rows_persist_and_print" time="3.064" /><testcase classname="tests.test_new_features.TestAssessments" name="test_assessment_create_update_flow" time="3.749" /></testsuite></testsuites>