<?xml version="1.0" encoding="utf-8"?><testsuites name="pytest tests"><testsuite name="pytest" errors="0" failures="0" skipped="0" tests="8" time="5.393" timestamp="2026-08-30T21:37:46.114912+00:00" hostname="agent-env-9510e3c8-7545-4d18-aa36-f23a289f0fbc"><testcase classname="tests.test_new_features.TestCodePickers" name="test_choices_has_codes" time="2.772" /><testcase classname="tests.test_new_features.TestSignOff" name="test_signoff_permission_denied_for_caseworker" time="2.983" /><testcase classname="tests.test_new_features.TestCodePickers" name="test_process_note_with_codes_persists" time="0.620" /><testcase classname="tests.test_new_features.TestSignOff" name="test_signoff_permission_denied_for_capturer" time="0.189" /><testcase classname="tests.test_new_features.TestSignOff" name="test_signoff_supervisor_stamps_checklist" time="0.332" /><testcase classname="tests.test_new_features.TestPrintCenter" name="test_batch_print_multiple" time="0.163" /><testcase classname="tests.test_new_features.TestAssessments" name="test_assessment_create_update_flow" time="1.119" /><testcase classname="tests.test_new_features.TestPrintCenter" name="test_batch_print_supervisor" time="0.145" /></testsuite></testsuites>