<?xml version="1.0" encoding="utf-8"?><testsuites name="pytest tests"><testsuite name="pytest" errors="0" failures="0" skipped="0" tests="20" time="5.902" timestamp="2026-08-30T23:33:32.510308+00:00" hostname="agent-env-9510e3c8-7545-4d18-aa36-f23a289f0fbc"><testcase classname="tests.test_round7_features.TestRound6Regression" name="test_bulk_log" time="1.046" /><testcase classname="tests.test_round7_features.TestCsvExport" name="test_export_admin_200" time="1.057" /><testcase classname="tests.test_round7_features.TestRound6Regression" name="test_monthly_detail_has_missed" time="0.783" /><testcase classname="tests.test_round7_features.TestCsvExport" name="test_export_supervisor_200" time="0.756" /><testcase classname="tests.test_round7_features.TestRound6Regression" name="test_stats_has_staff_org_ranking" time="0.139" /><testcase classname="tests.test_round7_features.TestRound6Regression" name="test_dashboard_completeness_bands" time="0.215" /><testcase classname="tests.test_round7_features.TestRound6Regression" name="test_band_filter_households" time="0.267" /><testcase classname="tests.test_round7_features.TestCsvExport" name="test_export_caseworker_403" time="0.619" /><testcase classname="tests.test_round7_features.TestCsvExport" name="test_export_capturer_403" time="0.752" /><testcase classname="tests.test_round7_features.TestBeneficiaryReminders" name="test_reminders_endpoint" time="0.942" /><testcase classname="tests.test_round7_features.TestCsvExport" name="test_export_month_query" time="0.184" /><testcase classname="tests.test_round7_features.TestServiceTrend" name="test_stats_returns_trend_4_buckets" time="0.205" /><testcase classname="tests.test_round7_features.TestBeneficiaryReminders" name="test_reminders_supervisor_ok" time="0.304" /><testcase classname="tests.test_round7_features.TestServiceTrend" name="test_stats_trend_supervisor" time="0.159" /><testcase classname="tests.test_round7_features.TestBeneficiaryReminders" name="test_reminders_caseworker_scoped" time="0.148" /><testcase classname="tests.test_round7_features.TestServiceTrend" name="test_stats_trend_caseworker_scoped" time="0.150" /><testcase classname="tests.test_round7_features.TestBeneficiaryReminders" name="test_recording_service_removes_from_reminders" time="0.739" /><testcase classname="tests.test_round7_features.TestRaceSafeVersioning" name="test_normal_edit_increments_version_by_one" time="0.463" /><testcase classname="tests.test_round7_features.TestRaceSafeVersioning" name="test_stale_version_returns_409" time="0.313" /><testcase classname="tests.test_round7_features.TestRaceSafeVersioning" name="test_correct_version_after_stale_still_works" time="0.470" /></testsuite></testsuites>