<?xml version="1.0" encoding="utf-8"?><testsuites name="pytest tests"><testsuite name="pytest" errors="0" failures="0" skipped="0" tests="15" time="4.719" timestamp="2026-08-30T22:30:57.493090+00:00" hostname="agent-env-9510e3c8-7545-4d18-aa36-f23a289f0fbc"><testcase classname="tests.test_round5_features.TestBrandingPublic" name="test_branding_no_auth_returns_name_and_logo" time="0.296" /><testcase classname="tests.test_round5_features.TestRegression" name="test_login[admin-admin123]" time="0.626" /><testcase classname="tests.test_round5_features.TestBrandingPublic" name="test_branding_logo_url_is_relative_or_none" time="0.198" /><testcase classname="tests.test_round5_features.TestBrandingPublic" name="test_branding_without_auth_returns_200" time="0.207" /><testcase classname="tests.test_round5_features.TestRegression" name="test_login[supervisor-supervisor123]" time="0.538" /><testcase classname="tests.test_round5_features.TestRegression" name="test_login[caseworker-caseworker123]" time="0.545" /><testcase classname="tests.test_round5_features.TestAssessmentVersions" name="test_hh60_has_versions_with_version_number_and_created_by" time="1.542" /><testcase classname="tests.test_round5_features.TestRegression" name="test_login[capturer-capturer123]" time="0.453" /><testcase classname="tests.test_round5_features.TestAssessmentVersions" name="test_new_assessment_post_increments_version" time="0.463" /><testcase classname="tests.test_round5_features.TestRegression" name="test_print_assessment_with_assessment_id" time="1.023" /><testcase classname="tests.test_round5_features.TestPrintCoverTotals" name="test_batch_cover_avg_and_file_pct_column" time="0.166" /><testcase classname="tests.test_round5_features.TestPrintCoverTotals" name="test_full_batch_cover_totals" time="0.140" /><testcase classname="tests.test_round5_features.TestTimelineActions" name="test_timeline_returns_action_field" time="0.137" /><testcase classname="tests.test_round5_features.TestRegression" name="test_organisation_endpoint_has_relative_logo" time="0.509" /><testcase classname="tests.test_round5_features.TestRegression" name="test_verification_count_and_dashboard" time="0.262" /></testsuite></testsuites>