<?xml version="1.0" encoding="utf-8"?><testsuites name="pytest tests"><testsuite name="pytest" errors="0" failures="0" skipped="0" tests="27" time="6.042" timestamp="2026-08-30T23:47:01.973138+00:00" hostname="agent-env-9510e3c8-7545-4d18-aa36-f23a289f0fbc"><testcase classname="tests.test_round8_features.TestServiceTargets" name="test_targets_list_admin" time="0.992" /><testcase classname="tests.test_round8_features.TestRegression" name="test_trend_4_buckets" time="1.065" /><testcase classname="tests.test_round8_features.TestServiceTargets" name="test_targets_list_supervisor" time="0.725" /><testcase classname="tests.test_round8_features.TestRegression" name="test_beneficiary_reminders" time="0.910" /><testcase classname="tests.test_round8_features.TestRegression" name="test_monthly_detail_missed" time="0.140" /><testcase classname="tests.test_round8_features.TestServiceTargets" name="test_targets_caseworker_403" time="0.626" /><testcase classname="tests.test_round8_features.TestRegression" name="test_bulk_log_empty" time="0.699" /><testcase classname="tests.test_round8_features.TestRegression" name="test_completeness_bands" time="0.207" /><testcase classname="tests.test_round8_features.TestServiceTargets" name="test_targets_capturer_403" time="0.687" /><testcase classname="tests.test_round8_features.TestRegression" name="test_band_filter" time="0.225" /><testcase classname="tests.test_round8_features.TestServiceTargets" name="test_targets_put_supervisor_upsert" time="0.587" /><testcase classname="tests.test_round8_features.TestRegression" name="test_version_lock_stale_409" time="0.299" /><testcase classname="tests.test_round8_features.TestRegression" name="test_version_lock_correct_200" time="0.262" /><testcase classname="tests.test_round8_features.TestServiceTargets" name="test_targets_put_caseworker_403" time="0.123" /><testcase classname="tests.test_round8_features.TestServiceTargets" name="test_stats_ranking_has_goal_fields" time="0.139" /><testcase classname="tests.test_round8_features.TestCsvColumnPicker" name="test_no_columns_returns_all" time="0.142" /><testcase classname="tests.test_round8_features.TestServiceTargets" name="test_stats_caseworker_staff_goal" time="0.145" /><testcase classname="tests.test_round8_features.TestCsvColumnPicker" name="test_columns_subset" time="0.174" /><testcase classname="tests.test_round8_features.TestDobPrompt" name="test_missing_dob_admin" time="0.169" /><testcase classname="tests.test_round8_features.TestCsvColumnPicker" name="test_columns_reordered_but_returned_in_canonical_order" time="0.140" /><testcase classname="tests.test_round8_features.TestDobPrompt" name="test_missing_dob_supervisor" time="0.135" /><testcase classname="tests.test_round8_features.TestCsvColumnPicker" name="test_invalid_columns_fallback_all" time="0.132" /><testcase classname="tests.test_round8_features.TestDobPrompt" name="test_missing_dob_caseworker_scoped" time="0.168" /><testcase classname="tests.test_round8_features.TestCsvColumnPicker" name="test_empty_columns_fallback_all" time="0.146" /><testcase classname="tests.test_round8_features.TestDobPrompt" name="test_null_dob_then_returned_then_restore" time="0.779" /><testcase classname="tests.test_round8_features.TestCsvColumnPicker" name="test_caseworker_403" time="0.172" /><testcase classname="tests.test_round8_features.TestCsvColumnPicker" name="test_capturer_403" time="0.534" /></testsuite></testsuites>