<?xml version="1.0" encoding="utf-8"?><testsuites name="pytest tests"><testsuite name="pytest" errors="0" failures="1" skipped="0" tests="15" time="5.310" timestamp="2026-08-30T23:20:25.622436+00:00" hostname="agent-env-9510e3c8-7545-4d18-aa36-f23a289f0fbc"><testcase classname="tests.test_round6_features.TestVersionLock" name="test_version_field_present" time="0.888" /><testcase classname="tests.test_round6_features.TestServices" name="test_service_create_future_date_400" time="1.192" /><testcase classname="tests.test_round6_features.TestVersionLock" name="test_stale_version_returns_409" time="0.331" /><testcase classname="tests.test_round6_features.TestServices" name="test_service_create_today" time="0.415" /><testcase classname="tests.test_round6_features.TestVersionLock" name="test_correct_version_increments" time="0.272" /><testcase classname="tests.test_round6_features.TestLoginTagline" name="test_site_config_put_and_branding" time="0.317" /><testcase classname="tests.test_round6_features.TestServices" name="test_bulk_log" time="0.497" /><testcase classname="tests.test_round6_features.TestLoginTagline" name="test_site_config_requires_admin" time="0.622" /><testcase classname="tests.test_round6_features.TestServices" name="test_stats" time="0.641" /><testcase classname="tests.test_round6_features.TestServices" name="test_monthly_detail" time="0.190" /><testcase classname="tests.test_round6_features.TestCompleteness" name="test_dashboard_bands" time="0.653" /><testcase classname="tests.test_round6_features.TestServices" name="test_print_service_reports" time="0.637" /><testcase classname="tests.test_round6_features.TestCompleteness" name="test_band_filter" time="0.134" /><testcase classname="tests.test_round6_features.TestTimelineExport" name="test_print_timeline_html" time="0.332" /><testcase classname="tests.test_round6_features.TestServiceRBAC" name="test_caseworker_cannot_log_unassigned" time="0.933"><failure message="AssertionError: expected block, got 201 {&quot;id&quot;:41,&quot;household&quot;:60,&quot;service_date&quot;:&quot;2026-08-30&quot;,&quot;service_type&quot;:&quot;Individual Counselling&quot;,&quot;notes&quot;:&quot;&quot;,&quot;delivered_by&quot;:&quot;caseworker&quot;,&quot;created_at&quot;:&quot;2026-08-31T01:20:30.775966+02:00&quot;,&quot;created_by&quot;:&quot;caseworker&quot;,&quot;beneficiary_name&quot;:&quot;&quot;}&#10;assert 201 in (400, 403)&#10; +  where 201 = &lt;Response [201]&gt;.status_code">backend/tests/test_round6_features.py:215: in test_caseworker_cannot_log_unassigned
    assert r2.status_code in (400, 403), f"expected block, got {r2.status_code} {r2.text}"
E   AssertionError: expected block, got 201 {"id":41,"household":60,"service_date":"2026-08-30","service_type":"Individual Counselling","notes":"","delivered_by":"caseworker","created_at":"2026-08-31T01:20:30.775966+02:00","created_by":"caseworker","beneficiary_name":""}
E   assert 201 in (400, 403)
E    +  where 201 = &lt;Response [201]&gt;.status_code</failure></testcase></testsuite></testsuites>