<?xml version="1.0" encoding="utf-8"?><testsuites name="pytest tests"><testsuite name="pytest" errors="0" failures="1" skipped="0" tests="34" time="8.501" timestamp="2026-08-30T21:24:12.036757+00:00" hostname="agent-env-9510e3c8-7545-4d18-aa36-f23a289f0fbc"><testcase classname="tests.backend_test.TestAuth" name="test_login_each_role[admin]" time="1.056" /><testcase classname="tests.backend_test.TestAuth" name="test_login_each_role[supervisor]" time="0.827" /><testcase classname="tests.backend_test.TestAuth" name="test_login_each_role[caseworker]" time="0.769" /><testcase classname="tests.backend_test.TestAuth" name="test_login_each_role[caseworker2]" time="0.750" /><testcase classname="tests.backend_test.TestPrintExport" name="test_print_form_header_token[checklist]" time="3.327" /><testcase classname="tests.backend_test.TestPrintExport" name="test_print_form_header_token[intake]" time="0.150" /><testcase classname="tests.backend_test.TestAuth" name="test_login_each_role[capturer]" time="0.554" /><testcase classname="tests.backend_test.TestPrintExport" name="test_print_form_header_token[reporter]" time="0.142" /><testcase classname="tests.backend_test.TestPrintExport" name="test_print_form_header_token[assessment]" time="0.156" /><testcase classname="tests.backend_test.TestPrintExport" name="test_print_form_header_token[family_care_plan]" time="0.144" /><testcase classname="tests.backend_test.TestPrintExport" name="test_print_form_header_token[educational]" time="0.122" /><testcase classname="tests.backend_test.TestAuth" name="test_login_bad_password" time="0.457" /><testcase classname="tests.backend_test.TestPrintExport" name="test_print_form_header_token[referral]" time="0.175" /><testcase classname="tests.backend_test.TestPrintExport" name="test_print_form_header_token[process_note]" time="0.159" /><testcase classname="tests.backend_test.TestPrintExport" name="test_print_form_header_token[cow2_note]" time="0.158" /><testcase classname="tests.backend_test.TestPrintExport" name="test_print_form_header_token[termination]" time="0.137" /><testcase classname="tests.backend_test.TestPrintExport" name="test_print_form_header_token[site_visit]" time="0.187" /><testcase classname="tests.backend_test.TestPrintExport" name="test_print_form_header_token[exit]" time="0.171" /><testcase classname="tests.backend_test.TestPrintExport" name="test_print_form_header_token[success_story]" time="0.128" /><testcase classname="tests.backend_test.TestPrintExport" name="test_print_form_header_token[monthly_report]" time="0.182" /><testcase classname="tests.backend_test.TestPrintExport" name="test_print_form_header_token[hiv_risk]" time="0.138" /><testcase classname="tests.backend_test.TestPrintExport" name="test_print_form_header_token[full]" time="0.180" /><testcase classname="tests.backend_test.TestPrintExport" name="test_print_query_token" time="0.164" /><testcase classname="tests.backend_test.TestPrintExport" name="test_print_unauthorized" time="0.112" /><testcase classname="tests.backend_test.TestPrintExport" name="test_print_invalid_form" time="0.176" /><testcase classname="tests.backend_test.TestHouseholdOrdering" name="test_ordering_by_completeness" time="0.159" /><testcase classname="tests.backend_test.TestHouseholdOrdering" name="test_verification_count" time="0.159" /><testcase classname="tests.backend_test.TestBulkReassign" name="test_bulk_reassign_permission_forbidden" time="0.204" /><testcase classname="tests.backend_test.TestCoreAPIs" name="test_dashboard" time="2.415" /><testcase classname="tests.backend_test.TestBulkReassign" name="test_bulk_reassign_admin" time="0.485"><failure message="assert 500 == 200&#10; +  where 500 = &lt;Response [500]&gt;.status_code">backend/tests/backend_test.py:238: in test_bulk_reassign_admin
    assert r.status_code == 200
E   assert 500 == 200
E    +  where 500 = &lt;Response [500]&gt;.status_code</failure></testcase><testcase classname="tests.backend_test.TestCoreAPIs" name="test_choices" time="0.141" /><testcase classname="tests.backend_test.TestCoreAPIs" name="test_users_list" time="0.171" /><testcase classname="tests.backend_test.TestTimeline" name="test_household_timeline" time="0.125" /><testcase classname="tests.backend_test.TestProcessNotes" name="test_process_note_crud" time="0.492" /></testsuite></testsuites>